INFO [2025-01-20 15:05:56] $x
INFO [2025-01-20 15:05:56] list(ESR1_pyCC_2_ER1_overlaping, ESR1_pyCC_2_ER2_overlaping, 
INFO [2025-01-20 15:05:56]     ESR1_pyCC_2_ER3_overlaping, ESR1_pyCC_2_ER5_overlaping, ESR1_pyCC_2_ER6_overlaping)
INFO [2025-01-20 15:05:56] 
INFO [2025-01-20 15:05:56] $category.names
INFO [2025-01-20 15:05:56] c("Peak_2_ER1", "Peak_2_ER2", "Peak_2_ER3", "Peak_2_ER5", "Peak_2_ER6")
INFO [2025-01-20 15:05:56] 
INFO [2025-01-20 15:05:56] $filename
INFO [2025-01-20 15:05:56] [1] "PeakSet2_Overlap_with_Replicates_VennDiagram.pdf"
INFO [2025-01-20 15:05:56] 
INFO [2025-01-20 15:05:56] $output
INFO [2025-01-20 15:05:56] [1] TRUE
INFO [2025-01-20 15:05:56] 
INFO [2025-01-20 15:05:56] $imagetype
INFO [2025-01-20 15:05:56] [1] "pdf"
INFO [2025-01-20 15:05:56] 
INFO [2025-01-20 15:05:56] $height
INFO [2025-01-20 15:05:56] [1] 480
INFO [2025-01-20 15:05:56] 
INFO [2025-01-20 15:05:56] $width
INFO [2025-01-20 15:05:56] [1] 480
INFO [2025-01-20 15:05:56] 
INFO [2025-01-20 15:05:56] $resolution
INFO [2025-01-20 15:05:56] [1] 300
INFO [2025-01-20 15:05:56] 
INFO [2025-01-20 15:05:56] $compression
INFO [2025-01-20 15:05:56] [1] "lzw"
INFO [2025-01-20 15:05:56] 
INFO [2025-01-20 15:05:56] $lwd
INFO [2025-01-20 15:05:56] [1] 1
INFO [2025-01-20 15:05:56] 
INFO [2025-01-20 15:05:56] $col
INFO [2025-01-20 15:05:56] c("#440154ff", "#21908dff", "#fde725ff")
INFO [2025-01-20 15:05:56] 
INFO [2025-01-20 15:05:56] $fill
INFO [2025-01-20 15:05:56] c(alpha("#440154ff", 0.3), alpha("#21908dff", 0.3), alpha("#fde725ff", 
INFO [2025-01-20 15:05:56]     0.3))
INFO [2025-01-20 15:05:56] 
INFO [2025-01-20 15:05:56] $cex
INFO [2025-01-20 15:05:56] [1] 0.5
INFO [2025-01-20 15:05:56] 
INFO [2025-01-20 15:05:56] $fontfamily
INFO [2025-01-20 15:05:56] [1] "sans"
INFO [2025-01-20 15:05:56] 
INFO [2025-01-20 15:05:56] $cat.cex
INFO [2025-01-20 15:05:56] [1] 0.3
INFO [2025-01-20 15:05:56] 
INFO [2025-01-20 15:05:56] $cat.default.pos
INFO [2025-01-20 15:05:56] [1] "outer"
INFO [2025-01-20 15:05:56] 
INFO [2025-01-20 15:05:56] $cat.pos
INFO [2025-01-20 15:05:56] c(-27, 27, 135)
INFO [2025-01-20 15:05:56] 
INFO [2025-01-20 15:05:56] $cat.dist
INFO [2025-01-20 15:05:56] c(0.055, 0.055, 0.085)
INFO [2025-01-20 15:05:56] 
INFO [2025-01-20 15:05:56] $cat.fontfamily
INFO [2025-01-20 15:05:56] [1] "sans"
INFO [2025-01-20 15:05:56] 
INFO [2025-01-20 15:05:56] $cat.col
INFO [2025-01-20 15:05:56] c("#440154ff", "#21908dff", "#fde725ff")
INFO [2025-01-20 15:05:56] 
INFO [2025-01-20 15:05:56] $rotation
INFO [2025-01-20 15:05:56] [1] 1
INFO [2025-01-20 15:05:56] 
